JvmtiExport can_access_local_variables 0
JvmtiExport can_hotswap_or_post_breakpoint 0
JvmtiExport can_post_on_exceptions 0
# 166 ciObject found
instanceKlass com/mathworks/widgets/desk/DTTitleChangeHandler
instanceKlass com/mathworks/widgets/desk/DTToolBarInfo
instanceKlass com/mathworks/widgets/desk/Desktop$ClientListenerData
instanceKlass com/mathworks/mde/help/MLHelpBrowserGroup$DDuxResizedActionListener
instanceKlass com/mathworks/help/helpui/HelpBrowserResourceBundle
instanceKlass com/mathworks/help/helpui/HelpBrowserUtils
instanceKlass com/mathworks/mlwidgets/help/messages/ChangeTitleMessageHandler$TitleChangedListener
instanceKlass com/mathworks/mlwidgets/help/messages/HelpPanelCurrentLocationHandler$PageInfoListener
instanceKlass java/awt/dnd/DropTargetAdapter
instanceKlass com/mathworks/mde/webbrowser/WebBrowserUtils
instanceKlass com/mathworks/matlab/api/editor/EditorApplicationListener
instanceKlass com/mathworks/mde/editor/EditorGroup$4
instanceKlass com/mathworks/mde/editor/EditorGroup$3
instanceKlass com/mathworks/mde/editor/EditorGroup$2
instanceKlass com/mathworks/matlab/api/toolbars/ToolBarGroupID
instanceKlass com/mathworks/matlab/api/toolbars/ToolBarBuilder
instanceKlass com/mathworks/widgets/text/STPInterface
instanceKlass com/mathworks/widgets/text/STPBaseInterface
instanceKlass com/mathworks/widgets/text/STPViewInterface
instanceKlass com/mathworks/widgets/text/STPModelInterface
instanceKlass com/mathworks/widgets/text/STPBaseModelInterface
instanceKlass com/mathworks/matlab/api/toolbars/ToolBars
instanceKlass com/mathworks/matlab/api/menus/MenuContext
instanceKlass com/mathworks/matlab/api/menus/MenuBuilder
instanceKlass com/mathworks/matlab/api/menus/MenuGroupID
instanceKlass com/mathworks/mde/editor/ActionManager$KeyBindingContributorProvider
instanceKlass com/mathworks/mde/editor/ActionManager
instanceKlass com/mathworks/mde/editor/EditorGroup$1
instanceKlass com/mathworks/mde/editor/EditorGroup$8
instanceKlass com/mathworks/matlab_login/StatusUpdateListener
instanceKlass com/mathworks/mde/desk/LoginStatusIndicator
instanceKlass com/mathworks/mde/desk/MLNotificationUIProvider$1
instanceKlass com/mathworks/mde/desk/MLNotificationUIProvider$BadgeActionListener$3
instanceKlass com/mathworks/widgets/HyperlinkTextLabel$HyperlinkHandler
instanceKlass com/mathworks/mde/desk/MLNotificationUIProvider$BadgeActionListener
instanceKlass com/mathworks/mde/desk/MLNotificationUIProvider
instanceKlass com/mathworks/mde/help/DocCenterBrowserSearchBox$2
instanceKlass com/mathworks/toolstrip/components/popups/ListItem
instanceKlass com/mathworks/toolstrip/components/popups/PopupList$2
instanceKlass com/mathworks/toolstrip/components/popups/PopupList$1
instanceKlass javax/swing/plaf/basic/BasicListUI$Handler
instanceKlass javax/swing/DefaultListSelectionModel
instanceKlass javax/swing/ListSelectionModel
instanceKlass javax/swing/AbstractListModel
instanceKlass com/mathworks/mwswing/FocusReturnHandler
instanceKlass com/mathworks/mde/help/DocCenterBrowserSearchBox$SearchActionListener
instanceKlass com/jidesoft/swing/SelectAllUtils
instanceKlass com/mathworks/widgets/SearchTextField$4
instanceKlass com/jgoodies/forms/factories/ComponentFactory2
instanceKlass com/jgoodies/forms/factories/ComponentFactory
instanceKlass com/jgoodies/forms/builder/AbstractFormBuilder
instanceKlass com/jgoodies/forms/layout/CellConstraints$Alignment
instanceKlass com/jgoodies/forms/layout/CellConstraints
instanceKlass com/jgoodies/forms/layout/FormLayout$CachingMeasure
instanceKlass com/jgoodies/forms/layout/FormLayout$ComponentSizeCache
instanceKlass com/jgoodies/forms/util/FormUtils
instanceKlass com/jgoodies/forms/layout/FormSpecParser
instanceKlass com/jgoodies/forms/layout/BoundedSize
instanceKlass com/jgoodies/forms/util/LayoutStyle
instanceKlass com/jgoodies/forms/layout/Sizes$ComponentSize
instanceKlass com/jgoodies/forms/layout/ConstantSize$Unit
instanceKlass com/jgoodies/forms/layout/ConstantSize
instanceKlass com/jgoodies/forms/util/UnitConverter
instanceKlass com/jgoodies/forms/layout/Sizes
instanceKlass com/jgoodies/forms/layout/FormSpec$DefaultAlignment
instanceKlass com/jgoodies/forms/layout/FormSpec
instanceKlass com/jgoodies/forms/layout/Size
instanceKlass com/jgoodies/forms/factories/FormFactory
instanceKlass com/jgoodies/forms/layout/LayoutMap
instanceKlass com/jgoodies/forms/layout/FormLayout$Measure
instanceKlass com/jgoodies/forms/layout/FormLayout
instanceKlass com/mathworks/widgets/WindowsWidgetFactory$SearchAndClearButton$1
instanceKlass javax/swing/text/Segment
instanceKlass java/text/CharacterIterator
instanceKlass com/mathworks/widgets/WindowsWidgetFactory
instanceKlass com/mathworks/widgets/SearchTextField$6
instanceKlass com/mathworks/widgets/WidgetUtils
instanceKlass javax/accessibility/AccessibleExtendedText
instanceKlass javax/accessibility/AccessibleEditableText
instanceKlass javax/swing/event/CaretListener
instanceKlass com/mathworks/widgets/PromptingTextField$1
instanceKlass org/apache/commons/lang/ArrayUtils
instanceKlass com/mathworks/mwswing/SelectAllOnFocusListener$2
instanceKlass com/mathworks/mwswing/MJPopupMenu$CloseListener
instanceKlass com/mathworks/mwswing/binding/DefaultKeyBindings
instanceKlass javax/swing/JTextField$ScrollRepainter
instanceKlass javax/swing/DefaultBoundedRangeModel
instanceKlass javax/swing/BoundedRangeModel
instanceKlass javax/swing/plaf/synth/SynthUI
instanceKlass javax/swing/plaf/synth/SynthConstants
instanceKlass javax/swing/text/JTextComponent$DefaultKeymap
instanceKlass javax/swing/text/Keymap
instanceKlass javax/swing/text/TabExpander
instanceKlass javax/swing/TransferHandler$TransferSupport
instanceKlass javax/swing/TransferHandler$DropHandler
instanceKlass javax/swing/text/DefaultHighlighter$SafeDamager
instanceKlass javax/swing/text/LayeredHighlighter$LayerPainter
instanceKlass javax/swing/text/Highlighter$HighlightPainter
instanceKlass javax/swing/text/Highlighter$Highlight
instanceKlass javax/swing/text/LayeredHighlighter
instanceKlass javax/swing/text/Highlighter
instanceKlass javax/swing/text/DefaultCaret$Handler
instanceKlass java/awt/datatransfer/ClipboardOwner
instanceKlass javax/swing/text/Caret
instanceKlass javax/swing/plaf/basic/DragRecognitionSupport$BeforeDrag
instanceKlass javax/swing/plaf/basic/BasicTextUI$UpdateHandler
instanceKlass javax/swing/text/View
instanceKlass javax/swing/text/Position$Bias
instanceKlass javax/swing/TransferHandler
instanceKlass com/mathworks/mwswing/SelectAllOnFocusListener
instanceKlass com/mathworks/mwswing/MJTextField$TextAppearanceFocusListener
instanceKlass com/mathworks/mwswing/AppearanceFocusDispatcher
instanceKlass javax/swing/text/JTextComponent$1
instanceKlass sun/swing/SwingAccessor$JTextComponentAccessor
instanceKlass com/mathworks/mwswing/AppearanceFocusListener
instanceKlass com/mathworks/widgets/SearchTextField
instanceKlass com/mathworks/mlwidgets/help/DocCenterLocale
instanceKlass com/mathworks/mlwidgets/help/HelpUtils$DefaultDependencyProvider
instanceKlass com/mathworks/html/UrlTransformer
instanceKlass com/mathworks/helpsearch/index/LocalizedFileLocator
instanceKlass com/mathworks/mlwidgets/help/HelpUtils$HelpDependencyProvider
instanceKlass com/mathworks/mlwidgets/help/HelpUtils
instanceKlass com/mathworks/helpsearch/facets/Facetable
instanceKlass com/mathworks/helpsearch/suggestion/DocumentationSuggestionProvider
instanceKlass com/mathworks/helpsearch/product/DocSetItemResolver
instanceKlass com/mathworks/search/SearchField
instanceKlass com/mathworks/mde/help/suggestion/SuggestionRequest
instanceKlass com/mathworks/help/helpui/DocConfig
instanceKlass com/mathworks/widgets/SearchTextField$Listener
instanceKlass com/mathworks/mde/help/DocCenterBrowserSearchBox
instanceKlass com/mathworks/services/binding/PreferenceState
instanceKlass com/mathworks/widgets/desk/DTKeyBindings
instanceKlass com/mathworks/widgets/desk/DTBorderContainer$1
instanceKlass com/mathworks/mwswing/MouseLatch
instanceKlass com/mathworks/widgets/desk/DTBorderContainer$EdgeOccupant
instanceKlass com/mathworks/mde/desk/MLMainFrame$1
instanceKlass com/mathworks/mde/desk/MLFeatures
instanceKlass com/mathworks/mde/desk/MLMainFrame$StatusTextListener
instanceKlass com/mathworks/widgets/desk/DTMultipleClientFrame$2
instanceKlass com/mathworks/mwswing/SystemGraphicsEnvironment
instanceKlass com/mathworks/mwswing/ScreenInformationProvider
instanceKlass com/mathworks/mwswing/WindowUtils
instanceKlass com/mathworks/widgets/desk/DTMultipleClientFrame$1
instanceKlass com/mathworks/toolstrip/accessories/ToolstripContextMenu$ContextEventListener
instanceKlass com/mathworks/toolstrip/accessories/ToolstripContextMenu
instanceKlass com/mathworks/toolstrip/DefaultToolstrip$1
instanceKlass com/mathworks/toolstrip/impl/ToolstripTabContentPanel$1
instanceKlass com/mathworks/toolstrip/plaf/ToolstripTabContentUI$MyBorder
instanceKlass com/mathworks/toolstrip/plaf/SectionWithHeaderUI$SectionWithHeaderLayout
instanceKlass com/mathworks/toolstrip/plaf/ToolstripTabLayout
instanceKlass com/mathworks/toolstrip/DefaultToolstrip$3
instanceKlass com/mathworks/mwswing/SimpleStringTrimmer
instanceKlass com/mathworks/toolstrip/plaf/ToolstripHeaderUI$HeaderLayout
instanceKlass com/mathworks/toolstrip/plaf/ToolstripHeaderUI$1
instanceKlass com/mathworks/util/event/AWTMouseListener
instanceKlass com/mathworks/util/event/AWTKeyListener
instanceKlass com/mathworks/widgets/desk/DTFrame$7
instanceKlass com/mathworks/widgets/desk/DTFrame$6
instanceKlass java/util/EnumMap$EnumMapIterator
instanceKlass com/mathworks/toolstrip/components/gallery/GalleryButton$1
instanceKlass com/mathworks/toolstrip/accessories/CalloutToolTipManager
instanceKlass com/mathworks/mwswing/StringTrimmer
instanceKlass com/mathworks/toolstrip/accessories/ToolTipContentProvider
instanceKlass com/mathworks/toolstrip/accessories/CalloutToolTipManager$Client
instanceKlass com/mathworks/util/async/Status
instanceKlass com/mathworks/toolstrip/accessories/QuickAccessToolBar$4
instanceKlass com/mathworks/util/AllPredicate
instanceKlass com/mathworks/widgets/desk/DTFrame$QuickAccessBarContextFilter
instanceKlass com/mathworks/mde/desk/MLDesktop$13
instanceKlass com/mathworks/widgets/desk/DTFrame$5
instanceKlass com/mathworks/widgets/desk/DTBorderFactory
instanceKlass com/mathworks/widgets/desk/DTToolBarContainer$ToolBarData
instanceKlass com/mathworks/mde/desk/MLDesktop$12
instanceKlass com/mathworks/toolstrip/accessories/QuickAccessToolBar$3
instanceKlass com/mathworks/toolstrip/accessories/QuickAccessToolBar$TabCollectionListener
instanceKlass com/mathworks/toolstrip/accessories/QuickAccessToolBar$2
instanceKlass com/mathworks/toolstrip/accessories/QuickAccessToolBar$1
instanceKlass com/mathworks/toolstrip/accessories/QuickAccessToolBar$6
instanceKlass com/mathworks/widgets/desk/Desktop$55
instanceKlass com/mathworks/toolstrip/factory/QuickAccessConfiguration$Tool
instanceKlass com/mathworks/toolstrip/factory/TSRegistry$Listener
instanceKlass com/mathworks/toolstrip/accessories/QuickAccessToolBar$ToolBarPopulator
instanceKlass com/mathworks/mde/desk/MLToolstripFactory$2
instanceKlass java/util/Collections$UnmodifiableMap$UnmodifiableEntrySet$UnmodifiableEntry
instanceKlass java/util/Collections$UnmodifiableMap$UnmodifiableEntrySet$1
instanceKlass com/mathworks/mde/desk/MLToolstripFactory$5
instanceKlass com/mathworks/mde/desk/MLToolstripFactory$12
instanceKlass com/mathworks/mde/desk/PlotGalleryManager$2
instanceKlass com/mathworks/mlwidgets/graphics/PlotActionHandler$1$1
instanceKlass javax/swing/Timer$1
instanceKlass com/mathworks/mwswing/MJRadioButton$ActionPropertyHandler
instanceKlass javax/swing/plaf/basic/BasicRadioButtonUI$KeyHandler
instanceKlass com/sun/java/swing/plaf/windows/WindowsIconFactory$RadioButtonIcon
instanceKlass javax/swing/TimerQueue$DelayedTimer
instanceKlass javax/swing/TimerQueue$1
instanceKlass javax/swing/TimerQueue
instanceKlass com/mathworks/widgets/BusyAffordance$2$1
instanceKlass com/mathworks/widgets/BusyAffordance$2
instanceKlass com/mathworks/toolstrip/components/gallery/model/WrappedGalleryModel$1
instanceKlass com/mathworks/toolstrip/components/gallery/model/WrappedGalleryModel
instanceKlass com/mathworks/toolstrip/factory/TSFactory$GalleryDisposer
instanceKlass com/mathworks/toolstrip/factory/TSFactory$8
instanceKlass com/mathworks/toolstrip/components/gallery/view/GalleryView$4
instanceKlass com/mathworks/toolstrip/components/gallery/view/GalleryView$3
instanceKlass com/mathworks/widgets/BusyAffordance$UpdateListener
instanceKlass com/mathworks/widgets/BusyAffordance
instanceKlass com/mathworks/widgets/ComponentBuilder
instanceKlass com/mathworks/toolstrip/components/gallery/view/BusyAffordanceProxy
instanceKlass com/mathworks/toolstrip/Previewer
instanceKlass com/mathworks/toolstrip/components/gallery/model/Item
instanceKlass com/mathworks/toolstrip/components/gallery/view/ItemPopupMenuCustomizer
instanceKlass com/mathworks/services/GalleryViewSettingImpl
instanceKlass com/mathworks/toolstrip/components/gallery/GalleryViewSetting
instanceKlass com/mathworks/toolstrip/factory/TSFactory$7
instanceKlass com/mathworks/toolstrip/factory/TSFactory$GalleryRestoreData
instanceKlass com/mathworks/toolstrip/components/gallery/GalleryResources
instanceKlass com/mathworks/toolstrip/components/gallery/model/Category
instanceKlass com/mathworks/toolstrip/components/gallery/model/DefaultGalleryModel
instanceKlass com/mathworks/toolstrip/components/TSUtil
instanceKlass com/mathworks/mde/desk/MLToolstripFactory$11
instanceKlass com/mathworks/mde/desk/MLToolstripFactory$10
instanceKlass javax/swing/ButtonGroup
instanceKlass com/mathworks/mde/desk/MLToolstripFactory$7
instanceKlass com/mathworks/mde/desk/MLToolstripFactory$VariableLabelDecorator
instanceKlass com/mathworks/mde/desk/MLToolstripFactory$6
instanceKlass com/mathworks/mlwidgets/graphics/PlotActionHandler$PlotUpdateListener
instanceKlass com/mathworks/html/Url$QueryParameters
instanceKlass com/mathworks/html/UrlPartParser
instanceKlass com/mathworks/html/RelativeUrl
instanceKlass com/mathworks/mlwidgets/html/ddux/DummyMLDduxCommandWrapper
instanceKlass com/mathworks/mlwidgets/help/ddux/HelpDduxCommandWrapper$Mock
instanceKlass com/mathworks/mlwidgets/html/ddux/MatlabDduxCommandWrapper$Mock
instanceKlass com/mathworks/mlwidgets/html/ddux/MLDduxCommandWrapper
instanceKlass com/mathworks/help/helpui/ddux/DummyDduxCommandWrapper
instanceKlass com/mathworks/help/helpui/ddux/DduxCommandWrapper
instanceKlass com/mathworks/mlwidgets/help/ddux/DummyDduxLoggingProvider
instanceKlass com/mathworks/mlwidgets/graphics/PlotActionHandler$1
instanceKlass javax/swing/tree/MutableTreeNode
instanceKlass com/mathworks/mlwidgets/graphics/ModelStateFactory
instanceKlass com/mathworks/mlwidgets/help/ddux/DduxLoggingProvider
instanceKlass com/mathworks/mlwidgets/graphics/PlotActionHandler
instanceKlass java/awt/datatransfer/SystemFlavorMap$SoftCache
instanceKlass java/awt/datatransfer/SystemFlavorMap
instanceKlass java/awt/datatransfer/FlavorTable
instanceKlass java/awt/datatransfer/FlavorMap
instanceKlass java/awt/dnd/DropTargetContext
instanceKlass com/mathworks/mlwidgets/favoritecommands/FavoriteCommandDropListener
instanceKlass com/mathworks/mlwidgets/favoritecommands/FavoriteCommandsToolSetFactory$GalleryButtonDecorator$1
instanceKlass com/google/common/collect/ObjectArrays
instanceKlass com/mathworks/toolstrip/sections/IconifiedSectionLayout
instanceKlass com/mathworks/toolstrip/sections/PreferredSectionLayout
instanceKlass com/mathworks/toolstrip/ToolstripSectionLayout
instanceKlass com/mathworks/toolstrip/sections/LayoutPolicies$2
instanceKlass com/mathworks/toolstrip/sections/LayoutPolicies$1
instanceKlass com/mathworks/toolstrip/ToolstripSectionLayoutPolicy
instanceKlass com/mathworks/toolstrip/sections/LayoutPolicies
instanceKlass com/mathworks/toolstrip/components/DropDownActionListener
instanceKlass com/mathworks/toolstrip/factory/TSFactory$ListPopupListener
instanceKlass com/mathworks/toolstrip/components/TSDropDownButton$PopupComponentMouseListener
instanceKlass com/mathworks/util/Disposer$Node
instanceKlass com/mathworks/util/Disposer$1
instanceKlass com/mathworks/util/Disposer
instanceKlass com/google/common/base/Joiner$MapJoiner
instanceKlass com/google/common/base/Joiner
instanceKlass com/google/common/collect/Collections2
instanceKlass java/util/NavigableSet
instanceKlass com/google/common/collect/Maps$EntryTransformer
instanceKlass com/google/common/collect/BiMap
instanceKlass com/google/common/base/Converter
instanceKlass com/google/common/collect/ImmutableMap
instanceKlass com/google/common/base/Function
instanceKlass com/google/common/collect/UnmodifiableIterator
instanceKlass com/google/common/collect/SortedMapDifference
instanceKlass com/google/common/collect/MapDifference
instanceKlass com/google/common/collect/Maps
instanceKlass com/google/common/collect/AbstractMapBasedMultimap$WrappedCollection$WrappedIterator
instanceKlass com/mathworks/toolstrip/factory/ContextTargetingManager$ButtonTrigger
instanceKlass com/mathworks/toolstrip/factory/TSFactory$TriggerDisposer
instanceKlass javax/swing/AncestorNotifier
instanceKlass javax/swing/ClientPropertyKey$1
instanceKlass sun/awt/AWTAccessor$ClientPropertyKeyAccessor
instanceKlass com/mathworks/toolstrip/components/PopupListener$PopupCallback
instanceKlass com/mathworks/toolstrip/plaf/LAFUtil
instanceKlass com/mathworks/toolstrip/plaf/ToolstripButtonUI$ToolstripButtonListener
instanceKlass com/mathworks/toolstrip/plaf/ComponentMnemonicsProvider
instanceKlass com/mathworks/toolstrip/components/LayoutMode
instanceKlass com/mathworks/desktop/mnemonics/Mnemonic
instanceKlass com/mathworks/toolstrip/factory/TSFactory$9
instanceKlass com/mathworks/toolstrip/sections/ToolstripSections$MySectionBuilder$Column
instanceKlass com/mathworks/toolstrip/sections/ToolstripSections$MySectionBuilder
instanceKlass com/mathworks/toolstrip/sections/ToolstripSections$ColumnLayout
instanceKlass com/mathworks/toolstrip/sections/ToolstripSections$SectionLayout
instanceKlass com/mathworks/toolstrip/sections/SectionBuilder
instanceKlass com/mathworks/desktop/overlay/Overlay
instanceKlass com/mathworks/toolstrip/sections/ToolstripSections
instanceKlass com/mathworks/toolstrip/factory/TSToolPath
instanceKlass com/mathworks/toolstrip/factory/TSFactory$1
instanceKlass com/mathworks/toolbox/shared/hwconnectinstaller/util/SupportPkgInstallerToolSetFactory
instanceKlass com/mathworks/toolstrip/components/gallery/popupview/GalleryPopup$Listener
instanceKlass javax/swing/ListCellRenderer
instanceKlass com/mathworks/toolstrip/factory/TSToolSetContents$ToolPropertyListener
instanceKlass com/mathworks/toolstrip/components/PopupShower
instanceKlass com/mathworks/toolstrip/components/gallery/model/GalleryModel
instanceKlass com/mathworks/toolstrip/factory/TSFactory
instanceKlass com/mathworks/mwswing/binding/InputMapActionListener
instanceKlass com/mathworks/mde/vrd/LicenseToolSetFactory
instanceKlass com/mathworks/widgets/desk/DTLayoutToolSetFactory$3
instanceKlass com/mathworks/widgets/desk/DTLayoutToolSetFactory$2
instanceKlass com/mathworks/widgets/desk/DTLayoutToolSetFactory$TearOffOptionsListDecorator
instanceKlass com/mathworks/toolstrip/accessories/Resources
instanceKlass com/mathworks/toolstrip/accessories/CollapseToolstripAction$1
instanceKlass com/mathworks/widgets/desk/DTLayoutToolSetFactory$1
instanceKlass com/mathworks/widgets/desk/DTLayoutLibrary$1
instanceKlass com/mathworks/widgets/desk/DTLayoutLibrary$FactoryLayout
instanceKlass com/mathworks/widgets/desk/DTLayoutLibrary$Listener
instanceKlass com/mathworks/widgets/desk/DTLayoutToolSetFactory
instanceKlass com/mathworks/currentfolder/model/featureswitch/EmbeddedJsCfb
instanceKlass com/mathworks/mlwidgets/explorer/model/ExplorerResources
instanceKlass com/mathworks/mde/desk/CodeReportActionProvider
instanceKlass com/mathworks/mde/desk/MLToolstripFactory$18
instanceKlass com/mathworks/mde/desk/MLToolstripFactory$17
instanceKlass com/mathworks/mde/desk/MLToolstripFactory$16
instanceKlass com/mathworks/mde/desk/MLToolstripFactory$15
instanceKlass com/mathworks/mde/desk/MLToolstripFactory$14
instanceKlass com/mathworks/desktop/client/ClientCollectionListener$Event
instanceKlass com/google/common/collect/Lists
instanceKlass com/mathworks/desktop/client/DefaultClientCollection
instanceKlass com/mathworks/desktop/attr/AttributeChangeEvent
instanceKlass com/mathworks/desktop/attr/DefaultAttributes
instanceKlass com/mathworks/desktop/client/ClientCollection
instanceKlass com/mathworks/desktop/client/BasicClient
instanceKlass com/mathworks/desktop/client/ClientCollectionListener
instanceKlass com/mathworks/mde/editor/EditorViewToolSetFactory
instanceKlass com/mathworks/mde/editor/codepad/CodepadToolSetFactory
instanceKlass com/mathworks/mde/liveeditor/DirtyStateSupport$DirtyStateListener
instanceKlass com/mathworks/mde/liveeditor/AbstractLiveEditorToolSet
instanceKlass com/mathworks/system/editor/toolstrip/ToolSet
instanceKlass com/mathworks/toolbox/simulink/slvnv/RmiEditorToolstripContributor$2
instanceKlass com/mathworks/toolbox/simulink/slvnv/RmiDataLink
instanceKlass com/mathworks/toolbox/simulink/slvnv/RmiEditorToolstripContributor$1
instanceKlass com/mathworks/toolbox/simulink/slvnv/RmiUtils
instanceKlass com/mathworks/toolbox/simulink/slvnv/RmiDataLink$RmiDataListener
instanceKlass com/mathworks/toolbox/simulink/slvnv/RmiEditorToolstripContributor
instanceKlass com/mathworks/toolbox/matlab/testframework/ui/toolstrip/RunTestsKeyBinder
instanceKlass com/mathworks/toolbox/matlab/testframework/ui/toolstrip/RunTestsRunnerOptions
instanceKlass com/mathworks/mvm/exec/MvmSwingWorker
instanceKlass com/mathworks/toolbox/matlab/testframework/ui/toolstrip/RunTestsToolSetMatlabCommandSender$Callback
instanceKlass com/mathworks/toolbox/matlab/testframework/ui/toolstrip/RunTestsToolSetMatlabCommandSender
instanceKlass com/mathworks/toolbox/matlab/testframework/ui/toolstrip/RunnerOptions
instanceKlass com/mathworks/toolbox/matlab/testframework/ui/toolstrip/RunTestsToolSetCommandReceiver
instanceKlass com/mathworks/toolbox/matlab/testframework/ui/toolstrip/RunTestsToolstripState
instanceKlass com/mathworks/toolbox/matlab/testframework/ui/toolstrip/ToolSetActionController
instanceKlass com/mathworks/toolbox/matlab/testframework/ui/toolstrip/EditorLiaison
instanceKlass com/mathworks/toolbox/matlab/testframework/ui/toolstrip/RunTestsToolSetCommandSender
instanceKlass com/mathworks/toolbox/matlab/testframework/ui/toolstrip/KeyBinder
instanceKlass com/mathworks/toolbox/matlab/testframework/ui/toolstrip/RunTestsEditorToolstripTabContributor
instanceKlass com/mathworks/toolbox/eml/toolstrip/EmlEditorToolstripTabContributor
instanceKlass com/mathworks/system/editor/toolstrip/CommandSender$Callback
instanceKlass com/mathworks/system/editor/toolstrip/MATLABCommandSender
instanceKlass com/mathworks/system/editor/toolstrip/ToolstripController
instanceKlass com/mathworks/system/editor/toolstrip/EditorInterface
instanceKlass com/mathworks/system/editor/toolstrip/CommandSender
instanceKlass com/mathworks/system/editor/toolstrip/SystemEditorToolstripTabContributor
instanceKlass com/mathworks/toolbox/fixedpoint/toolstrip/FixedPointEditorToolstripTabContributor
instanceKlass com/mathworks/mde/editor/plugins/matlab/MatlabErrorHandlingOptionsListDecorator
instanceKlass com/mathworks/mde/editor/plugins/matlab/MatlabDebugActions
instanceKlass com/mathworks/mde/editor/EditorToolSetFactory$5
instanceKlass com/mathworks/matlab/api/editor/EditorToolstripOptions
instanceKlass com/mathworks/mde/editor/EditorToolSetFactory$7
instanceKlass com/mathworks/mde/editor/EditorToolSetFactory$6
instanceKlass com/mathworks/mde/editor/EditorToolSetFactory$1
instanceKlass com/mathworks/mde/editor/EditorAction
instanceKlass com/mathworks/mde/desk/MLToolstripFactory$20
instanceKlass com/mathworks/mde/desk/MLToolstripFactory$19
instanceKlass com/mathworks/matlab/api/explorer/AbstractNewFileTemplateWithIcon
instanceKlass com/mathworks/matlab/api/explorer/IconProvider
instanceKlass com/mathworks/mde/editor/debug/EditorToolstripRefreshManager$2
instanceKlass com/mathworks/mde/editor/debug/EditorToolstripRefreshManager$1
instanceKlass com/mathworks/mde/editor/EditorStartup$1
instanceKlass com/mathworks/widgets/toolbars/DefaultToolBarID
instanceKlass com/mathworks/mwswing/FilePatternFilter
instanceKlass com/mathworks/matlab/api/datamodel/StorageLocation
instanceKlass com/mathworks/matlab/api/toolbars/ToolBarID
instanceKlass com/mathworks/mde/editor/EditorUtils
instanceKlass com/mathworks/util/FileSystemNotifier$1
instanceKlass com/mathworks/util/FileSystemNotifier
instanceKlass com/mathworks/util/FileSystemUtils
instanceKlass com/mathworks/util/FileSystemAdapter
instanceKlass com/mathworks/util/FileSystemListener
instanceKlass com/mathworks/mde/editor/EditorStartup
instanceKlass com/mathworks/mde/editor/debug/EditorToolstripRefreshManager$DebuggerPushPopListener
instanceKlass com/mathworks/mde/editor/debug/EditorToolstripRefreshManager$BusyIdleListener
instanceKlass com/mathworks/mde/editor/debug/EditorToolstripRefreshManager
instanceKlass com/mathworks/mde/editor/ErrorHandlingGroupFactory$1
instanceKlass com/mathworks/mde/editor/ErrorHandlingGroupFactory
instanceKlass com/mathworks/mlwidgets/favoritecommands/UserFavoriteCommands$2$1
instanceKlass com/mathworks/mlwidgets/favoritecommands/FavoriteCommandUtilities
instanceKlass java/util/Observer
instanceKlass com/mathworks/mde/editor/plugins/matlab/RunMenu
instanceKlass com/mathworks/mde/difftool/FileDiffToolInfo
instanceKlass com/mathworks/mde/difftool/UnsavedChangesDiffToolInfo
instanceKlass com/mathworks/matlab/api/editor/EditorEventListener
instanceKlass com/mathworks/mde/editor/plugins/matlab/RunMenu$RunButtonStateChangeListener
instanceKlass com/mathworks/mde/array/ArrayEditorToolstripTabFactory$4
instanceKlass javax/swing/event/ListDataListener
instanceKlass com/mathworks/mde/array/ArrayEditorToolstripTabFactory$3
instanceKlass com/mathworks/mde/array/ArrayEditorToolstripTabFactory$2
instanceKlass com/mathworks/mwswing/CustomizablePopupMenu
instanceKlass com/mathworks/mwswing/binding/KeyBindingManagerRegistrant
instanceKlass com/mathworks/toolstrip/components/AcceptsMnemonic
instanceKlass com/mathworks/mde/array/ArrayEditorToolstripTabFactory$1
instanceKlass com/mathworks/mde/array/ArrayEditorToolstripTabFactory$OpenWorkspaceVariableAction$1
instanceKlass com/mathworks/mlwidgets/favoritecommands/FavoriteCategoryIcons
instanceKlass org/apache/xerces/dom/CharacterDataImpl$1
instanceKlass org/apache/xerces/dom/NamedNodeMapImpl
instanceKlass org/w3c/dom/NamedNodeMap
instanceKlass org/apache/xerces/dom/DeepNodeListImpl
instanceKlass org/apache/xerces/dom/DeferredDocumentImpl$RefCount
instanceKlass org/w3c/dom/traversal/TreeWalker
instanceKlass org/w3c/dom/ranges/Range
instanceKlass org/w3c/dom/traversal/NodeIterator
instanceKlass org/w3c/dom/events/MutationEvent
instanceKlass org/w3c/dom/events/Event
instanceKlass org/w3c/dom/DocumentFragment
instanceKlass org/w3c/dom/Comment
instanceKlass org/w3c/dom/CDATASection
instanceKlass org/w3c/dom/Text
instanceKlass org/w3c/dom/ProcessingInstruction
instanceKlass org/w3c/dom/DOMConfiguration
instanceKlass org/w3c/dom/Attr
instanceKlass org/w3c/dom/Notation
instanceKlass org/w3c/dom/DocumentType
instanceKlass org/w3c/dom/TypeInfo
instanceKlass org/w3c/dom/DOMError
instanceKlass org/w3c/dom/Entity
instanceKlass org/w3c/dom/ranges/DocumentRange
instanceKlass org/w3c/dom/events/DocumentEvent
instanceKlass org/w3c/dom/traversal/DocumentTraversal
instanceKlass org/apache/xerces/dom/DeferredNode
instanceKlass org/apache/xerces/xs/XSSimpleTypeDefinition
instanceKlass org/apache/xerces/xs/XSTypeDefinition
instanceKlass org/apache/xerces/xs/XSObject
instanceKlass org/apache/xerces/xs/ItemPSVI
instanceKlass org/w3c/dom/CharacterData
instanceKlass org/w3c/dom/EntityReference
instanceKlass org/apache/xerces/dom/NodeImpl
instanceKlass org/w3c/dom/events/EventTarget
instanceKlass org/w3c/dom/NodeList
instanceKlass org/apache/xerces/jaxp/TeeXMLDocumentFilterImpl
instanceKlass org/apache/xerces/impl/xs/XMLSchemaValidator
instanceKlass org/apache/xerces/impl/xs/identity/FieldActivator
instanceKlass org/apache/xerces/jaxp/JAXPConstants
instanceKlass javax/xml/parsers/DocumentBuilder
instanceKlass javax/xml/parsers/SecuritySupport$1
instanceKlass javax/xml/parsers/SecuritySupport$2
instanceKlass javax/xml/parsers/SecuritySupport
instanceKlass javax/xml/parsers/FactoryFinder
instanceKlass javax/xml/parsers/DocumentBuilderFactory
instanceKlass com/google/common/collect/AbstractMapBasedMultimap$KeySet$1
instanceKlass java/util/Vector$1
instanceKlass com/mathworks/mlwidgets/shortcuts/Shortcut
instanceKlass com/mathworks/mlwidgets/shortcuts/ShortcutUtils
instanceKlass com/mathworks/mlwidgets/favoritecommands/UserFavoriteCommands$LocalExtensionHandler
instanceKlass com/mathworks/mde/array/ArrayEditorToolstripTabFactory
instanceKlass com/mathworks/mlwidgets/favoritecommands/FavoriteCommands$2
instanceKlass com/mathworks/mlwidgets/favoritecommands/FavoriteCommandsToolSetFactory$Registrar$1
instanceKlass com/mathworks/mlwidgets/favoritecommands/UserFavoriteCommands$2
instanceKlass java/lang/StrictMath
instanceKlass sun/java2d/loops/FontInfo
instanceKlass sun/font/StrikeCache$DisposableStrike
instanceKlass sun/font/FontStrikeDisposer
instanceKlass sun/java2d/Disposer$PollDisposable
instanceKlass sun/font/CMap
instanceKlass sun/font/T2KFontScaler$1
instanceKlass sun/font/FontScaler
instanceKlass sun/font/FontStrikeDesc
instanceKlass sun/font/FontDesignMetrics$MetricsKey
instanceKlass java/awt/FontMetrics
instanceKlass com/mathworks/mlwidgets/favoritecommands/FavoriteIconContainer
instanceKlass com/mathworks/mlwidgets/favoritecommands/FavoriteCommandIcons
instanceKlass java/text/FieldPosition$Delegate
instanceKlass java/text/Format$FieldDelegate
instanceKlass java/text/DigitList
instanceKlass com/mathworks/beans/EnumPair
instanceKlass com/mathworks/jmi/bean/UDDMethodDescription
instanceKlass com/mathworks/jmi/bean/UDDPropertyDescription
instanceKlass com/mathworks/jmi/bean/UDDBeanClass
instanceKlass com/mathworks/jmi/bean/OpCode
instanceKlass com/mathworks/jmi/bean/ClassFileConstants
instanceKlass com/mathworks/jmi/bean/UDDListener
instanceKlass com/mathworks/mde/find/matlabonline/FindFilesMLOnlineCommunicator$1
instanceKlass com/mathworks/filesystem_adapter/services/validationService/ValidationService$1
instanceKlass com/mathworks/matlab/api/explorer/MatlabPlatformUtil
instanceKlass com/mathworks/mde/desk/ContributedToolsLoader$1
instanceKlass com/mathworks/mde/desk/ContributedToolsLoader
instanceKlass com/mathworks/mde/desk/ToolsFetcher$3
instanceKlass com/mathworks/mde/desk/ToolsFetcher$2
instanceKlass com/mathworks/mde/desk/ToolsFetcher$1
instanceKlass com/mathworks/fileiconprovider/FileIconProvider$1
instanceKlass com/mathworks/ddux/JSBridge$DataSubscriber
instanceKlass com/mathworks/ddux/JSBridge$1
instanceKlass com/mathworks/sourcecontrol/jscommunication/JavaScriptCommunicator$1
instanceKlass com/mathworks/searchservice/SearchService$1
instanceKlass com/mathworks/filesystem_adapter/reports/ReportsMLOnlineCommunicator$1
instanceKlass com/mathworks/mde/editor/plugins/matlab/MatlabBreakpointMessageService$1
instanceKlass com/mathworks/cfbutils/FileSystemNotificationUtils
instanceKlass com/mathworks/cfbutils/FileSystemAdapter
instanceKlass com/mathworks/cfbutils/FileSystemListener
instanceKlass com/mathworks/mde/editor/plugins/matlab/MatlabBreakpointFileService
instanceKlass com/mathworks/mde/editor/plugins/matlab/MatlabBreakpointMessageService$7
instanceKlass com/mathworks/mde/editor/plugins/matlab/MatlabBreakpointMessageService$4
instanceKlass com/mathworks/mde/editor/plugins/matlab/MatlabBreakpointMessageService$3
instanceKlass com/mathworks/mde/editor/plugins/matlab/MatlabBreakpointMessageService$5
instanceKlass com/mathworks/mde/editor/plugins/matlab/MatlabBreakpointMessageService$6
instanceKlass com/mathworks/mde/editor/breakpoints/MatlabDebugInterestNotifier$1
instanceKlass com/mathworks/mde/editor/breakpoints/MatlabDebugInterestNotifier$5
instanceKlass com/mathworks/mde/editor/breakpoints/MatlabDebugInterestNotifier$3
instanceKlass com/mathworks/mde/editor/breakpoints/MatlabDebugInterestNotifier$2
instanceKlass com/mathworks/mde/editor/breakpoints/MatlabDebugInterestRegistrant$1
instanceKlass java/util/concurrent/CountDownLatch
instanceKlass com/mathworks/mde/editor/breakpoints/MatlabDebugInterestNotifier$4
instanceKlass com/mathworks/mde/editor/breakpoints/MatlabDebugInterestRegistrant
instanceKlass com/mathworks/mde/editor/breakpoints/MatlabDebugger$1
instanceKlass com/mathworks/mde/editor/breakpoints/MatlabDebugInterestRegistrant$MessageHandler
instanceK